  eventmanager.cpp
d:\nube\google drive\master\comprtamientos-practica\starcontrol-mele\inputmanager\include\eventmanager.h(44): warning C4820: 'EventManager' : '2' bytes padding added after data member 'EventManager::mouseScrollChanged'
d:\nube\google drive\master\comprtamientos-practica\starcontrol-mele\inputmanager\include\eventmanager.h(49): warning C4091: 'static ' : ignored on left of 'EventManager' when no variable is declared
d:\nube\google drive\master\comprtamientos-practica\starcontrol-mele\ugine\include\string.h(47): warning C4365: 'return' : conversion from 'char' to 'unsigned char', signed/unsigned mismatch
d:\nube\google drive\master\comprtamientos-practica\starcontrol-mele\ugine\include\string.h(80): warning C4365: '=' : conversion from 'size_t' to 'int', signed/unsigned mismatch
d:\nube\google drive\master\comprtamientos-practica\starcontrol-mele\ugine\include\string.h(81): warning C4365: '=' : conversion from 'unsigned int' to 'int', signed/unsigned mismatch
d:\nube\google drive\master\comprtamientos-practica\starcontrol-mele\ugine\include\string.h(82): warning C4365: 'argument' : conversion from 'int' to 'size_t', signed/unsigned mismatch
d:\nube\google drive\master\comprtamientos-practica\starcontrol-mele\ugine\include\string.h(88): warning C4365: '=' : conversion from 'unsigned int' to 'int', signed/unsigned mismatch
d:\nube\google drive\master\comprtamientos-practica\starcontrol-mele\ugine\include\string.h(89): warning C4365: 'argument' : conversion from 'int' to 'size_t', signed/unsigned mismatch
d:\nube\google drive\master\comprtamientos-practica\starcontrol-mele\ugine\include\string.h(94): warning C4365: '=' : conversion from 'unsigned int' to 'int', signed/unsigned mismatch
d:\nube\google drive\master\comprtamientos-practica\starcontrol-mele\ugine\include\string.h(95): warning C4365: '=' : conversion from 'unsigned int' to 'int', signed/unsigned mismatch
d:\nube\google drive\master\comprtamientos-practica\starcontrol-mele\ugine\include\string.h(96): warning C4365: 'argument' : conversion from 'int' to 'size_t', signed/unsigned mismatch
d:\nube\google drive\master\comprtamientos-practica\starcontrol-mele\ugine\include\string.h(122): warning C4365: 'argument' : conversion from 'int' to 'size_t', signed/unsigned mismatch
d:\nube\google drive\master\comprtamientos-practica\starcontrol-mele\ugine\include\string.h(137): warning C4365: '=' : conversion from 'unsigned int' to 'int', signed/unsigned mismatch
d:\nube\google drive\master\comprtamientos-practica\starcontrol-mele\ugine\include\string.h(139): warning C4365: 'argument' : conversion from 'int' to 'size_t', signed/unsigned mismatch
d:\nube\google drive\master\comprtamientos-practica\starcontrol-mele\ugine\include\string.h(199): warning C4365: 'argument' : conversion from 'int' to 'size_t', signed/unsigned mismatch
d:\nube\google drive\master\comprtamientos-practica\starcontrol-mele\ugine\include\string.h(200): warning C4365: 'argument' : conversion from 'int' to 'size_t', signed/unsigned mismatch
d:\nube\google drive\master\comprtamientos-practica\starcontrol-mele\ugine\include\string.h(208): warning C4365: 'argument' : conversion from 'int' to 'size_t', signed/unsigned mismatch
d:\nube\google drive\master\comprtamientos-practica\starcontrol-mele\ugine\include\string.h(209): warning C4365: 'argument' : conversion from 'int' to 'size_t', signed/unsigned mismatch
d:\nube\google drive\master\comprtamientos-practica\starcontrol-mele\ugine\include\string.h(217): warning C4365: 'argument' : conversion from 'int' to 'size_t', signed/unsigned mismatch
d:\nube\google drive\master\comprtamientos-practica\starcontrol-mele\ugine\include\string.h(218): warning C4365: 'argument' : conversion from 'int' to 'size_t', signed/unsigned mismatch
d:\nube\google drive\master\comprtamientos-practica\starcontrol-mele\ugine\include\string.h(270): warning C4242: 'argument' : conversion from 'int' to 'char', possible loss of data
d:\nube\google drive\master\comprtamientos-practica\starcontrol-mele\ugine\include\string.h(277): warning C4242: 'argument' : conversion from 'int' to 'char', possible loss of data
d:\nube\google drive\master\comprtamientos-practica\starcontrol-mele\ugine\include\string.h(421): warning C4365: 'argument' : conversion from 'long' to 'size_t', signed/unsigned mismatch
d:\nube\google drive\master\comprtamientos-practica\starcontrol-mele\ugine\include\string.h(422): warning C4365: 'argument' : conversion from 'long' to 'size_t', signed/unsigned mismatch
d:\nube\google drive\master\comprtamientos-practica\starcontrol-mele\ugine\include\string.h(443): warning C4365: 'argument' : conversion from 'const int' to 'size_t', signed/unsigned mismatch
d:\nube\google drive\master\comprtamientos-practica\starcontrol-mele\ugine\include\screen.h(37): warning C4820: 'Screen' : '1' bytes padding added after data member 'Screen::opened'
d:\nube\google drive\master\comprtamientos-practica\starcontrol-mele\ugine\include\screen.h(38): warning C4820: 'Screen' : '2' bytes padding added after data member 'Screen::height'
d:\nube\google drive\master\comprtamientos-practica\starcontrol-mele\inputmanager\src\eventmanager.cpp(96): warning C4244: 'argument' : conversion from 'double' to 'const float', possible loss of data
d:\nube\google drive\master\comprtamientos-practica\starcontrol-mele\inputmanager\src\eventmanager.cpp(99): warning C4244: 'argument' : conversion from 'double' to 'const float', possible loss of data
d:\nube\google drive\master\comprtamientos-practica\starcontrol-mele\inputmanager\src\eventmanager.cpp(107): warning C4244: 'argument' : conversion from 'double' to 'const float', possible loss of data
d:\nube\google drive\master\comprtamientos-practica\starcontrol-mele\inputmanager\src\eventmanager.cpp(111): warning C4244: 'argument' : conversion from 'double' to 'const float', possible loss of data
d:\nube\google drive\master\comprtamientos-practica\starcontrol-mele\ugine\include\array.h(95): warning C4365: 'argument' : conversion from 'uint32' to 'int', signed/unsigned mismatch
          d:\nube\google drive\master\comprtamientos-practica\starcontrol-mele\ugine\include\array.h(92) : while compiling class template member function 'void Array<int>::Remove(T &)'
          with
          [
              T=int
          ]
          d:\nube\google drive\master\comprtamientos-practica\starcontrol-mele\inputmanager\src\eventmanager.cpp(36) : see reference to function template instantiation 'void Array<int>::Remove(T &)' being compiled
          with
          [
              T=int
          ]
          d:\nube\google drive\master\comprtamientos-practica\starcontrol-mele\inputmanager\include\eventmanager.h(44) : see reference to class template instantiation 'Array<int>' being compiled
d:\nube\google drive\master\comprtamientos-practica\starcontrol-mele\ugine\include\array.h(85): warning C4365: 'initializing' : conversion from 'int' to 'uint32', signed/unsigned mismatch
          d:\nube\google drive\master\comprtamientos-practica\starcontrol-mele\ugine\include\array.h(84) : while compiling class template member function 'void Array<int>::RemoveAt(int)'
          d:\nube\google drive\master\comprtamientos-practica\starcontrol-mele\ugine\include\array.h(95) : see reference to function template instantiation 'void Array<int>::RemoveAt(int)' being compiled
          d:\nube\google drive\master\comprtamientos-practica\starcontrol-mele\ugine\include\array.h(40) : while compiling class template member function 'Array<int>::Array(uint32)'
          d:\nube\google drive\master\comprtamientos-practica\starcontrol-mele\inputmanager\src\eventmanager.cpp(139) : see reference to function template instantiation 'Array<int>::Array(uint32)' being compiled
d:\nube\google drive\master\comprtamientos-practica\starcontrol-mele\inputmanager\include\event.h(20): warning C4514: 'Event::resetTimer' : unreferenced inline function has been removed
d:\nube\google drive\master\comprtamientos-practica\starcontrol-mele\inputmanager\include\event.h(23): warning C4514: 'Event::GetMousePosX' : unreferenced inline function has been removed
d:\nube\google drive\master\comprtamientos-practica\starcontrol-mele\inputmanager\include\event.h(24): warning C4514: 'Event::GetMousePosY' : unreferenced inline function has been removed
d:\nube\google drive\master\comprtamientos-practica\starcontrol-mele\inputmanager\include\event.h(25): warning C4514: 'Event::GetMouseScrollPosition' : unreferenced inline function has been removed
d:\nube\google drive\master\comprtamientos-practica\starcontrol-mele\inputmanager\include\keyboardcontroller.h(6): warning C4514: 'KeyBoardController::KeyBoardController' : unreferenced inline function has been removed
d:\nube\google drive\master\comprtamientos-practica\starcontrol-mele\inputmanager\include\keyboardcontroller.h(8): warning C4514: 'KeyBoardController::~KeyBoardController' : unreferenced inline function has been removed
d:\nube\google drive\master\comprtamientos-practica\starcontrol-mele\inputmanager\include\mousecontroller.h(6): warning C4514: 'MouseController::MouseController' : unreferenced inline function has been removed
d:\nube\google drive\master\comprtamientos-practica\starcontrol-mele\inputmanager\include\mousecontroller.h(8): warning C4514: 'MouseController::~MouseController' : unreferenced inline function has been removed
d:\nube\google drive\master\comprtamientos-practica\starcontrol-mele\inputmanager\include\eventmanager.h(14): warning C4514: 'EventManager::GetMouseX' : unreferenced inline function has been removed
d:\nube\google drive\master\comprtamientos-practica\starcontrol-mele\inputmanager\include\eventmanager.h(15): warning C4514: 'EventManager::GetMouseY' : unreferenced inline function has been removed
d:\nube\google drive\master\comprtamientos-practica\starcontrol-mele\inputmanager\include\eventmanager.h(19): warning C4514: 'EventManager::GetMouseScrollPosition' : unreferenced inline function has been removed
d:\nube\google drive\master\comprtamientos-practica\starcontrol-mele\inputmanager\include\eventmanager.h(27): warning C4514: 'EventManager::~EventManager' : unreferenced inline function has been removed
c:\program files (x86)\microsoft visual studio 12.0\vc\include\swprintf.inl(36): warning C4514: 'swprintf' : unreferenced inline function has been removed
c:\program files (x86)\microsoft visual studio 12.0\vc\include\swprintf.inl(49): warning C4514: 'vswprintf' : unreferenced inline function has been removed
c:\program files (x86)\microsoft visual studio 12.0\vc\include\swprintf.inl(60): warning C4514: '_swprintf_l' : unreferenced inline function has been removed
c:\program files (x86)\microsoft visual studio 12.0\vc\include\swprintf.inl(73): warning C4514: '_vswprintf_l' : unreferenced inline function has been removed
c:\program files (x86)\microsoft visual studio 12.0\vc\include\swprintf.inl(85): warning C4514: 'swprintf' : unreferenced inline function has been removed
c:\program files (x86)\microsoft visual studio 12.0\vc\include\swprintf.inl(97): warning C4514: 'vswprintf' : unreferenced inline function has been removed
c:\program files (x86)\microsoft visual studio 12.0\vc\include\swprintf.inl(105): warning C4514: '_swprintf_l' : unreferenced inline function has been removed
c:\program files (x86)\microsoft visual studio 12.0\vc\include\swprintf.inl(117): warning C4514: '_vswprintf_l' : unreferenced inline function has been removed
c:\program files (x86)\microsoft visual studio 12.0\vc\include\stdio.h(422): warning C4514: 'getwchar' : unreferenced inline function has been removed
c:\program files (x86)\microsoft visual studio 12.0\vc\include\stdio.h(424): warning C4514: 'putwchar' : unreferenced inline function has been removed
c:\program files (x86)\microsoft visual studio 12.0\vc\include\stdlib.h(497): warning C4514: 'abs' : unreferenced inline function has been removed
c:\program files (x86)\microsoft visual studio 12.0\vc\include\stdlib.h(501): warning C4514: 'abs' : unreferenced inline function has been removed
c:\program files (x86)\microsoft visual studio 12.0\vc\include\stdlib.h(505): warning C4514: 'div' : unreferenced inline function has been removed
c:\program files (x86)\microsoft visual studio 12.0\vc\include\stdlib.h(509): warning C4514: 'div' : unreferenced inline function has been removed
c:\program files (x86)\microsoft visual studio 12.0\vc\include\string.h(130): warning C4514: 'strnlen_s' : unreferenced inline function has been removed
c:\program files (x86)\microsoft visual studio 12.0\vc\include\string.h(221): warning C4514: 'strchr' : unreferenced inline function has been removed
c:\program files (x86)\microsoft visual studio 12.0\vc\include\string.h(223): warning C4514: 'strpbrk' : unreferenced inline function has been removed
c:\program files (x86)\microsoft visual studio 12.0\vc\include\string.h(232): warning C4514: 'memchr' : unreferenced inline function has been removed
c:\program files (x86)\microsoft visual studio 12.0\vc\include\string.h(305): warning C4514: 'wcsnlen_s' : unreferenced inline function has been removed
c:\program files (x86)\microsoft visual studio 12.0\vc\include\string.h(382): warning C4514: 'wcschr' : unreferenced inline function has been removed
c:\program files (x86)\microsoft visual studio 12.0\vc\include\string.h(384): warning C4514: 'wcspbrk' : unreferenced inline function has been removed
c:\program files (x86)\microsoft visual studio 12.0\vc\include\string.h(386): warning C4514: 'wcsrchr' : unreferenced inline function has been removed
c:\program files (x86)\microsoft visual studio 12.0\vc\include\string.h(390): warning C4514: 'wcsstr' : unreferenced inline function has been removed
d:\nube\google drive\master\comprtamientos-practica\starcontrol-mele\ugine\include\string.h(44): warning C4514: 'String::ToCString' : unreferenced inline function has been removed
d:\nube\google drive\master\comprtamientos-practica\starcontrol-mele\ugine\include\string.h(46): warning C4514: 'String::Chr' : unreferenced inline function has been removed
d:\nube\google drive\master\comprtamientos-practica\starcontrol-mele\ugine\include\string.h(47): warning C4514: 'String::Asc' : unreferenced inline function has been removed
d:\nube\google drive\master\comprtamientos-practica\starcontrol-mele\ugine\include\string.h(20): warning C4514: 'String::String' : unreferenced inline function has been removed
d:\nube\google drive\master\comprtamientos-practica\starcontrol-mele\ugine\include\string.h(23): warning C4514: 'String::operator ==' : unreferenced inline function has been removed
d:\nube\google drive\master\comprtamientos-practica\starcontrol-mele\ugine\include\string.h(24): warning C4514: 'String::operator !=' : unreferenced inline function has been removed
d:\nube\google drive\master\comprtamientos-practica\starcontrol-mele\ugine\include\string.h(25): warning C4514: 'String::operator <' : unreferenced inline function has been removed
d:\nube\google drive\master\comprtamientos-practica\starcontrol-mele\ugine\include\string.h(26): warning C4514: 'String::operator >' : unreferenced inline function has been removed
d:\nube\google drive\master\comprtamientos-practica\starcontrol-mele\ugine\include\array.h(13): warning C4710: 'String String::operator +(const String &) const' : function not inlined
          d:\nube\google drive\master\comprtamientos-practica\starcontrol-mele\ugine\include\string.h(27) : see declaration of 'String::operator +'
d:\nube\google drive\master\comprtamientos-practica\starcontrol-mele\ugine\include\string.h(28): warning C4514: 'String::operator +' : unreferenced inline function has been removed
d:\nube\google drive\master\comprtamientos-practica\starcontrol-mele\ugine\include\string.h(30): warning C4514: 'String::operator =' : unreferenced inline function has been removed
d:\nube\google drive\master\comprtamientos-practica\starcontrol-mele\ugine\include\string.h(33): warning C4514: 'String::operator []' : unreferenced inline function has been removed
d:\nube\google drive\master\comprtamientos-practica\starcontrol-mele\ugine\include\string.h(34): warning C4514: 'String::operator []' : unreferenced inline function has been removed
d:\nube\google drive\master\comprtamientos-practica\starcontrol-mele\ugine\include\string.h(38): warning C4514: 'String::FromInt' : unreferenced inline function has been removed
d:\nube\google drive\master\comprtamientos-practica\starcontrol-mele\ugine\include\string.h(39): warning C4514: 'String::HexFromInt' : unreferenced inline function has been removed
d:\nube\google drive\master\comprtamientos-practica\starcontrol-mele\ugine\include\string.h(40): warning C4514: 'String::FromFloat' : unreferenced inline function has been removed
d:\nube\google drive\master\comprtamientos-practica\starcontrol-mele\ugine\include\string.h(42): warning C4514: 'String::ToInt' : unreferenced inline function has been removed
d:\nube\google drive\master\comprtamientos-practica\starcontrol-mele\ugine\include\string.h(43): warning C4514: 'String::ToFloat' : unreferenced inline function has been removed
d:\nube\google drive\master\comprtamientos-practica\starcontrol-mele\ugine\include\array.h(13): warning C4710: 'String String::Left(int) const' : function not inlined
          d:\nube\google drive\master\comprtamientos-practica\starcontrol-mele\ugine\include\string.h(49) : see declaration of 'String::Left'
d:\nube\google drive\master\comprtamientos-practica\starcontrol-mele\ugine\include\array.h(13): warning C4710: 'String String::Right(int) const' : function not inlined
          d:\nube\google drive\master\comprtamientos-practica\starcontrol-mele\ugine\include\string.h(50) : see declaration of 'String::Right'
d:\nube\google drive\master\comprtamientos-practica\starcontrol-mele\ugine\include\string.h(51): warning C4514: 'String::Mid' : unreferenced inline function has been removed
d:\nube\google drive\master\comprtamientos-practica\starcontrol-mele\ugine\include\array.h(13): warning C4710: 'String String::Replace(const String &,const String &) const' : function not inlined
          d:\nube\google drive\master\comprtamientos-practica\starcontrol-mele\ugine\include\string.h(52) : see declaration of 'String::Replace'
d:\nube\google drive\master\comprtamientos-practica\starcontrol-mele\ugine\include\string.h(53): warning C4514: 'String::Find' : unreferenced inline function has been removed
d:\nube\google drive\master\comprtamientos-practica\starcontrol-mele\ugine\include\string.h(55): warning C4514: 'String::Upper' : unreferenced inline function has been removed
d:\nube\google drive\master\comprtamientos-practica\starcontrol-mele\ugine\include\string.h(56): warning C4514: 'String::Lower' : unreferenced inline function has been removed
d:\nube\google drive\master\comprtamientos-practica\starcontrol-mele\ugine\include\array.h(13): warning C4710: 'String String::LTrim(void) const' : function not inlined
          d:\nube\google drive\master\comprtamientos-practica\starcontrol-mele\ugine\include\string.h(57) : see declaration of 'String::LTrim'
d:\nube\google drive\master\comprtamientos-practica\starcontrol-mele\ugine\include\array.h(13): warning C4710: 'String String::RTrim(void) const' : function not inlined
          d:\nube\google drive\master\comprtamientos-practica\starcontrol-mele\ugine\include\string.h(58) : see declaration of 'String::RTrim'
d:\nube\google drive\master\comprtamientos-practica\starcontrol-mele\ugine\include\string.h(59): warning C4514: 'String::Trim' : unreferenced inline function has been removed
d:\nube\google drive\master\comprtamientos-practica\starcontrol-mele\ugine\include\string.h(60): warning C4514: 'String::LSet' : unreferenced inline function has been removed
d:\nube\google drive\master\comprtamientos-practica\starcontrol-mele\ugine\include\string.h(61): warning C4514: 'String::RSet' : unreferenced inline function has been removed
d:\nube\google drive\master\comprtamientos-practica\starcontrol-mele\ugine\include\string.h(63): warning C4514: 'String::StripExt' : unreferenced inline function has been removed
d:\nube\google drive\master\comprtamientos-practica\starcontrol-mele\ugine\include\string.h(64): warning C4514: 'String::StripDir' : unreferenced inline function has been removed
d:\nube\google drive\master\comprtamientos-practica\starcontrol-mele\ugine\include\string.h(65): warning C4514: 'String::ExtractExt' : unreferenced inline function has been removed
d:\nube\google drive\master\comprtamientos-practica\starcontrol-mele\ugine\include\string.h(66): warning C4514: 'String::ExtractDir' : unreferenced inline function has been removed
d:\nube\google drive\master\comprtamientos-practica\starcontrol-mele\ugine\include\string.h(67): warning C4514: 'String::RealPath' : unreferenced inline function has been removed
d:\nube\google drive\master\comprtamientos-practica\starcontrol-mele\ugine\include\string.h(69): warning C4514: 'String::Read' : unreferenced inline function has been removed
d:\nube\google drive\master\comprtamientos-practica\starcontrol-mele\ugine\include\string.h(70): warning C4514: 'String::Write' : unreferenced inline function has been removed
d:\nube\google drive\master\comprtamientos-practica\starcontrol-mele\ugine\include\string.h(72): warning C4514: 'String::Split' : unreferenced inline function has been removed
d:\nube\google drive\master\comprtamientos-practica\starcontrol-mele\ugine\include\screen.h(14): warning C4514: 'Screen::IsOpened' : unreferenced inline function has been removed
d:\nube\google drive\master\comprtamientos-practica\starcontrol-mele\ugine\include\screen.h(17): warning C4514: 'Screen::GetWidth' : unreferenced inline function has been removed
d:\nube\google drive\master\comprtamientos-practica\starcontrol-mele\ugine\include\screen.h(18): warning C4514: 'Screen::GetHeight' : unreferenced inline function has been removed
  StarControl-Mele.vcxproj -> D:\nube\Google Drive\Master\Comprtamientos-practica\StarControl-Mele\Debug\StarControl-Mele.exe
